<?xml version="1.0" encoding="UTF-8"?>
<!-- Generated by org.testng.reporters.JUnitXMLReporter -->
<testsuite hostname="pavani-jagu-mbp" ignored="0" name="Surefire test" tests="12" failures="0" timestamp="06 Feb 2020 13:46:33 GMT" time="0.1" errors="0">
  <testcase name="@BeforeMethod setUP" time="0.071" classname="com.Airlines.qa.testCases.WelcomePageTest">
    <failure type="java.lang.IllegalStateException" message="The driver executable does not exist: /Users�/pavani.jagu�/�Documents�/�MarsAirlines�/chromedriver�">
      <![CDATA[java.lang.IllegalStateException: The driver executable does not exist: /Users�/pavani.jagu�/�Documents�/�MarsAirlines�/chromedriver�
at com.google.common.base.Preconditions.checkState(Preconditions.java:585)
at org.openqa.selenium.remote.service.DriverService.checkExecutable(DriverService.java:146)
at org.openqa.selenium.remote.service.DriverService.findExecutable(DriverService.java:141)
at org.openqa.selenium.chrome.ChromeDriverService.access$000(ChromeDriverService.java:35)
at org.openqa.selenium.chrome.ChromeDriverService$Builder.findDefaultExecutable(ChromeDriverService.java:159)
at org.openqa.selenium.remote.service.DriverService$Builder.build(DriverService.java:355)
at org.openqa.selenium.chrome.ChromeDriverService.createDefaultService(ChromeDriverService.java:94)
at org.openqa.selenium.chrome.ChromeDriver.<init>(ChromeDriver.java:123)
at com.Airlines.qa.base.TestBase.initialization(TestBase.java:31)
at com.Airlines.qa.testCases.WelcomePageTest.setUP(WelcomePageTest.java:20)
... Removed 33 stack frames]]>
    </failure>
  </testcase> <!-- @BeforeMethod setUP -->
  <testcase name="@AfterMethod tearDown" time="0.0" classname="com.Airlines.qa.testCases.WelcomePageTest">
    <skipped/>
  </testcase> <!-- @AfterMethod tearDown -->
  <testcase name="@BeforeMethod setUP" time="0.0" classname="com.Airlines.qa.testCases.WelcomePageTest">
    <skipped/>
  </testcase> <!-- @BeforeMethod setUP -->
  <testcase name="@AfterMethod tearDown" time="0.0" classname="com.Airlines.qa.testCases.WelcomePageTest">
    <skipped/>
  </testcase> <!-- @AfterMethod tearDown -->
  <testcase name="@BeforeMethod setUP" time="0.0" classname="com.Airlines.qa.testCases.WelcomePageTest">
    <skipped/>
  </testcase> <!-- @BeforeMethod setUP -->
  <testcase name="@AfterMethod tearDown" time="0.0" classname="com.Airlines.qa.testCases.WelcomePageTest">
    <skipped/>
  </testcase> <!-- @AfterMethod tearDown -->
  <testcase name="@BeforeMethod setUP" time="0.0" classname="com.Airlines.qa.testCases.WelcomePageTest">
    <skipped/>
  </testcase> <!-- @BeforeMethod setUP -->
  <testcase name="@AfterMethod tearDown" time="0.0" classname="com.Airlines.qa.testCases.WelcomePageTest">
    <skipped/>
  </testcase> <!-- @AfterMethod tearDown -->
  <testcase name="@BeforeMethod setUP" time="0.0" classname="com.Airlines.qa.testCases.WelcomePageTest">
    <skipped/>
  </testcase> <!-- @BeforeMethod setUP -->
  <testcase name="@AfterMethod tearDown" time="0.0" classname="com.Airlines.qa.testCases.WelcomePageTest">
    <skipped/>
  </testcase> <!-- @AfterMethod tearDown -->
  <testcase name="@BeforeMethod setUP" time="0.0" classname="com.Airlines.qa.testCases.WelcomePageTest">
    <skipped/>
  </testcase> <!-- @BeforeMethod setUP -->
  <testcase name="@AfterMethod tearDown" time="0.0" classname="com.Airlines.qa.testCases.WelcomePageTest">
    <skipped/>
  </testcase> <!-- @AfterMethod tearDown -->
  <testcase name="@BeforeMethod setUP" time="0.0" classname="com.Airlines.qa.testCases.WelcomePageTest">
    <skipped/>
  </testcase> <!-- @BeforeMethod setUP -->
  <testcase name="@AfterMethod tearDown" time="0.0" classname="com.Airlines.qa.testCases.WelcomePageTest">
    <skipped/>
  </testcase> <!-- @AfterMethod tearDown -->
  <testcase name="@BeforeMethod setUP" time="0.0" classname="com.Airlines.qa.testCases.WelcomePageTest">
    <skipped/>
  </testcase> <!-- @BeforeMethod setUP -->
  <testcase name="@AfterMethod tearDown" time="0.0" classname="com.Airlines.qa.testCases.WelcomePageTest">
    <skipped/>
  </testcase> <!-- @AfterMethod tearDown -->
  <testcase name="@BeforeMethod setUP" time="0.0" classname="com.Airlines.qa.testCases.WelcomePageTest">
    <skipped/>
  </testcase> <!-- @BeforeMethod setUP -->
  <testcase name="@AfterMethod tearDown" time="0.0" classname="com.Airlines.qa.testCases.WelcomePageTest">
    <skipped/>
  </testcase> <!-- @AfterMethod tearDown -->
  <testcase name="@BeforeMethod setUP" time="0.0" classname="com.Airlines.qa.testCases.WelcomePageTest">
    <skipped/>
  </testcase> <!-- @BeforeMethod setUP -->
  <testcase name="@AfterMethod tearDown" time="0.0" classname="com.Airlines.qa.testCases.WelcomePageTest">
    <skipped/>
  </testcase> <!-- @AfterMethod tearDown -->
  <testcase name="@BeforeMethod setUP" time="0.0" classname="com.Airlines.qa.testCases.SearchPageTest">
    <failure type="java.lang.IllegalStateException" message="The driver executable does not exist: /Users�/pavani.jagu�/�Documents�/�MarsAirlines�/chromedriver�">
      <![CDATA[java.lang.IllegalStateException: The driver executable does not exist: /Users�/pavani.jagu�/�Documents�/�MarsAirlines�/chromedriver�
at com.google.common.base.Preconditions.checkState(Preconditions.java:585)
at org.openqa.selenium.remote.service.DriverService.checkExecutable(DriverService.java:146)
at org.openqa.selenium.remote.service.DriverService.findExecutable(DriverService.java:141)
at org.openqa.selenium.chrome.ChromeDriverService.access$000(ChromeDriverService.java:35)
at org.openqa.selenium.chrome.ChromeDriverService$Builder.findDefaultExecutable(ChromeDriverService.java:159)
at org.openqa.selenium.remote.service.DriverService$Builder.build(DriverService.java:355)
at org.openqa.selenium.chrome.ChromeDriverService.createDefaultService(ChromeDriverService.java:94)
at org.openqa.selenium.chrome.ChromeDriver.<init>(ChromeDriver.java:123)
at com.Airlines.qa.base.TestBase.initialization(TestBase.java:31)
at com.Airlines.qa.testCases.SearchPageTest.setUP(SearchPageTest.java:19)
... Removed 33 stack frames]]>
    </failure>
  </testcase> <!-- @BeforeMethod setUP -->
  <testcase name="@AfterMethod tearDown" time="0.0" classname="com.Airlines.qa.testCases.SearchPageTest">
    <skipped/>
  </testcase> <!-- @AfterMethod tearDown -->
  <testcase name="@BeforeMethod setUP" time="0.0" classname="com.Airlines.qa.testCases.SearchPageTest">
    <skipped/>
  </testcase> <!-- @BeforeMethod setUP -->
  <testcase name="@AfterMethod tearDown" time="0.0" classname="com.Airlines.qa.testCases.SearchPageTest">
    <skipped/>
  </testcase> <!-- @AfterMethod tearDown -->
  <testcase name="BookATicketmsgTest" time="0.0" classname="com.Airlines.qa.testCases.WelcomePageTest">
    <skipped/>
  </testcase> <!-- BookATicketmsgTest -->
  <testcase name="DepartingTextTest" time="0.0" classname="com.Airlines.qa.testCases.WelcomePageTest">
    <skipped/>
  </testcase> <!-- DepartingTextTest -->
  <testcase name="DeptDDTest" time="0.0" classname="com.Airlines.qa.testCases.WelcomePageTest">
    <skipped/>
  </testcase> <!-- DeptDDTest -->
  <testcase name="LoginPageTitleTest" time="0.0" classname="com.Airlines.qa.testCases.WelcomePageTest">
    <skipped/>
  </testcase> <!-- LoginPageTitleTest -->
  <testcase name="PromoCodeSendkeys" time="0.0" classname="com.Airlines.qa.testCases.WelcomePageTest">
    <skipped/>
  </testcase> <!-- PromoCodeSendkeys -->
  <testcase name="PromoCodeTest" time="0.0" classname="com.Airlines.qa.testCases.WelcomePageTest">
    <skipped/>
  </testcase> <!-- PromoCodeTest -->
  <testcase name="RetrntDDTest" time="0.0" classname="com.Airlines.qa.testCases.WelcomePageTest">
    <skipped/>
  </testcase> <!-- RetrntDDTest -->
  <testcase name="ReturningTextTest" time="0.0" classname="com.Airlines.qa.testCases.WelcomePageTest">
    <skipped/>
  </testcase> <!-- ReturningTextTest -->
  <testcase name="WelcomemsgTest" time="0.0" classname="com.Airlines.qa.testCases.WelcomePageTest">
    <skipped/>
  </testcase> <!-- WelcomemsgTest -->
  <testcase name="marsLogoTest" time="0.0" classname="com.Airlines.qa.testCases.WelcomePageTest">
    <skipped/>
  </testcase> <!-- marsLogoTest -->
  <testcase name="NotfoundText" time="0.0" classname="com.Airlines.qa.testCases.SearchPageTest">
    <skipped/>
  </testcase> <!-- NotfoundText -->
  <testcase name="SearchTextTest" time="0.0" classname="com.Airlines.qa.testCases.SearchPageTest">
    <skipped/>
  </testcase> <!-- SearchTextTest -->
</testsuite> <!-- Surefire test -->
